{"numTotalTestSuites":101,"numPassedTestSuites":97,"numFailedTestSuites":4,"numPendingTestSuites":0,"numTotalTests":268,"numPassedTests":265,"numFailedTests":3,"numPendingTests":0,"numTodoTests":0,"snapshot":{"added":0,"failure":false,"filesAdded":0,"filesRemoved":0,"filesRemovedList":[],"filesUnmatched":0,"filesUpdated":0,"matched":0,"total":0,"unchecked":0,"uncheckedKeysByFile":[],"unmatched":0,"updated":0,"didUpdate":false},"startTime":1776410381143,"success":false,"testResults":[{"assertionResults":[{"ancestorTitles":["socialSquareCalibration"],"fullName":"socialSquareCalibration extracts core overlay rectangles by color","status":"passed","title":"extracts core overlay rectangles by color","duration":5.918699999999944,"failureMessages":[],"meta":{}},{"ancestorTitles":["socialSquareCalibration"],"fullName":"socialSquareCalibration ignores tiny artifacts and marks incomplete or ambiguous cases conservatively","status":"passed","title":"ignores tiny artifacts and marks incomplete or ambiguous cases conservatively","duration":4.456699999999955,"failureMessages":[],"meta":{}},{"ancestorTitles":["socialSquareCalibration"],"fullName":"socialSquareCalibration computes safe metrics over text coverage","status":"passed","title":"computes safe metrics over text coverage","duration":0.9021000000000186,"failureMessages":[],"meta":{}},{"ancestorTitles":["socialSquareCalibration"],"fullName":"socialSquareCalibration builds candidate thresholds from core metrics only","status":"passed","title":"builds candidate thresholds from core metrics only","duration":1.4618999999999005,"failureMessages":[],"meta":{}}],"startTime":1776410382052,"endTime":1776410382065.462,"status":"passed","message":"","name":"C:/Users/Fedelesh_dm/mvp/scripts/calibration/socialSquareCalibration.test.ts"},{"assertionResults":[{"ancestorTitles":["archetype gate — output contract"],"fullName":"archetype gate — output contract every generated variant has archetypeResolution","status":"passed","title":"every generated variant has archetypeResolution","duration":1878.7457000000002,"failureMessages":[],"meta":{}},{"ancestorTitles":["archetype gate — output contract"],"fullName":"archetype gate — output contract every generated variant has layoutEvaluation","status":"passed","title":"every generated variant has layoutEvaluation","duration":1299.583,"failureMessages":[],"meta":{}},{"ancestorTitles":["archetype gate — output contract"],"fullName":"archetype gate — output contract layoutEvaluation.quadrantWeights sums to ~1.0 when present","status":"passed","title":"layoutEvaluation.quadrantWeights sums to ~1.0 when present","duration":971.5590000000002,"failureMessages":[],"meta":{}},{"ancestorTitles":["archetype gate — confidence signal: missing image"],"fullName":"archetype gate — confidence signal: missing image no image → confidence is reduced vs with image","status":"passed","title":"no image → confidence is reduced vs with image","duration":2333.6402,"failureMessages":[],"meta":{}},{"ancestorTitles":["archetype gate — confidence signal: missing image"],"fullName":"archetype gate — confidence signal: missing image no image → confidenceBreakdown.missingImageData === 0.15","status":"passed","title":"no image → confidenceBreakdown.missingImageData === 0.15","duration":1276.7089000000005,"failureMessages":[],"meta":{}},{"ancestorTitles":["archetype gate — fallback behavior"],"fullName":"archetype gate — fallback behavior fallback only runs once — no recursive improvement","status":"passed","title":"fallback only runs once — no recursive improvement","duration":496.8924999999999,"failureMessages":[],"meta":{}},{"ancestorTitles":["archetype gate — fallback behavior"],"fullName":"archetype gate — fallback behavior when fallback is accepted, effectiveArchetypeId differs from archetypeId","status":"passed","title":"when fallback is accepted, effectiveArchetypeId differs from archetypeId","duration":417.0586999999996,"failureMessages":[],"meta":{}},{"ancestorTitles":["archetype gate — evaluation consistency"],"fullName":"archetype gate — evaluation consistency structurally valid scene has overallScore > 0","status":"passed","title":"structurally valid scene has overallScore > 0","duration":400.0679999999993,"failureMessages":[],"meta":{}},{"ancestorTitles":["archetype gate — evaluation consistency"],"fullName":"archetype gate — evaluation consistency overallScore matches formula: 0.30·structural + 0.25·readability + 0.20·hierarchy + 0.25·balance","status":"passed","title":"overallScore matches formula: 0.30·structural + 0.25·readability + 0.20·hierarchy + 0.25·balance","duration":438.450499999999,"failureMessages":[],"meta":{}}],"startTime":1776410382349,"endTime":1776410391863.4504,"status":"passed","message":"","name":"C:/Users/Fedelesh_dm/mvp/src/lib/archetypeGate.test.ts"},{"assertionResults":[{"ancestorTitles":["card archetype selection"],"fullName":"card archetype selection text-heavy content → v2-card-text-only","status":"passed","title":"text-heavy content → v2-card-text-only","duration":1.867400000000032,"failureMessages":[],"meta":{}},{"ancestorTitles":["card archetype selection"],"fullName":"card archetype selection left focal point → v2-card-split-image-left","status":"passed","title":"left focal point → v2-card-split-image-left","duration":0.4433999999999969,"failureMessages":[],"meta":{}},{"ancestorTitles":["card archetype selection"],"fullName":"card archetype selection right focal point → v2-card-split-image-right","status":"passed","title":"right focal point → v2-card-split-image-right","duration":0.3090000000000259,"failureMessages":[],"meta":{}},{"ancestorTitles":["card archetype selection"],"fullName":"card archetype selection dark mood + readable image → v2-card-full-bleed-overlay before split-left","status":"passed","title":"dark mood + readable image → v2-card-full-bleed-overlay before split-left","duration":0.20310000000000628,"failureMessages":[],"meta":{}},{"ancestorTitles":["card archetype selection"],"fullName":"card archetype selection dense copy (not text-heavy) → v2-card-text-focus","status":"passed","title":"dense copy (not text-heavy) → v2-card-text-focus","duration":0.18959999999998445,"failureMessages":[],"meta":{}},{"ancestorTitles":["card archetype selection"],"fullName":"card archetype selection image-first + critical product → v2-card-split-image-right when no stronger signal","status":"passed","title":"image-first + critical product → v2-card-split-image-right when no stronger signal","duration":0.20949999999999136,"failureMessages":[],"meta":{}},{"ancestorTitles":["card archetype selection"],"fullName":"card archetype selection balanced defaults → v2-card-hero-shelf","status":"passed","title":"balanced defaults → v2-card-hero-shelf","duration":0.16070000000001983,"failureMessages":[],"meta":{}},{"ancestorTitles":["tile archetype selection"],"fullName":"tile archetype selection left focal point → v2-tile-image-left","status":"passed","title":"left focal point → v2-tile-image-left","duration":0.27110000000004675,"failureMessages":[],"meta":{}},{"ancestorTitles":["tile archetype selection"],"fullName":"tile archetype selection right focal point → NOT v2-tile-image-left","status":"passed","title":"right focal point → NOT v2-tile-image-left","duration":0.8741999999999734,"failureMessages":[],"meta":{}},{"ancestorTitles":["tile archetype selection"],"fullName":"tile archetype selection image-first tile + right-side subject → v2-tile-split-balanced","status":"passed","title":"image-first tile + right-side subject → v2-tile-split-balanced","duration":0.3425999999999476,"failureMessages":[],"meta":{}},{"ancestorTitles":["selection completeness"],"fullName":"selection completeness format fixtures are marketplace V2 format keys","status":"passed","title":"format fixtures are marketplace V2 format keys","duration":0.19839999999999236,"failureMessages":[],"meta":{}},{"ancestorTitles":["selection completeness"],"fullName":"selection completeness always returns a defined MarketplaceV2ArchetypeId","status":"passed","title":"always returns a defined MarketplaceV2ArchetypeId","duration":0.22669999999993706,"failureMessages":[],"meta":{}},{"ancestorTitles":["selection completeness"],"fullName":"selection completeness card selection never returns a tile archetype id","status":"passed","title":"card selection never returns a tile archetype id","duration":0.24769999999989523,"failureMessages":[],"meta":{}},{"ancestorTitles":["selection completeness"],"fullName":"selection completeness tile selection never returns a card archetype id","status":"passed","title":"tile selection never returns a card archetype id","duration":0.1372000000000071,"failureMessages":[],"meta":{}}],"startTime":1776410382990,"endTime":1776410382996.2478,"status":"passed","message":"","name":"C:/Users/Fedelesh_dm/mvp/src/lib/archetypeSelection.test.ts"},{"assertionResults":[{"ancestorTitles":["marketplace-card commercial ranking integration"],"fullName":"marketplace-card commercial ranking integration keeps safe no-image default selection stable when commercial tie-break is blocked by structural status","status":"failed","title":"keeps safe no-image default selection stable when commercial tie-break is blocked by structural status","duration":2008.9775999999997,"failureMessages":["AssertionError: expected undefined to be false // Object.is equality\n    at C:\\Users\\Fedelesh_dm\\mvp\\src\\lib\\autoAdapt.marketplaceCommercialRanking.test.ts:60:73\n    at file:///C:/Users/Fedelesh_dm/mvp/node_modules/@vitest/runner/dist/chunk-hooks.js:155:11\n    at file:///C:/Users/Fedelesh_dm/mvp/node_modules/@vitest/runner/dist/chunk-hooks.js:752:26\n    at file:///C:/Users/Fedelesh_dm/mvp/node_modules/@vitest/runner/dist/chunk-hooks.js:1897:20\n    at new Promise (<anonymous>)\n    at runWithTimeout (file:///C:/Users/Fedelesh_dm/mvp/node_modules/@vitest/runner/dist/chunk-hooks.js:1863:10)\n    at runTest (file:///C:/Users/Fedelesh_dm/mvp/node_modules/@vitest/runner/dist/chunk-hooks.js:1574:12)\n    at processTicksAndRejections (node:internal/process/task_queues:103:5)\n    at runSuite (file:///C:/Users/Fedelesh_dm/mvp/node_modules/@vitest/runner/dist/chunk-hooks.js:1729:8)\n    at runSuite (file:///C:/Users/Fedelesh_dm/mvp/node_modules/@vitest/runner/dist/chunk-hooks.js:1729:8)"],"meta":{}},{"ancestorTitles":["marketplace-card commercial ranking integration"],"fullName":"marketplace-card commercial ranking integration blocks commercial tie-break when structural score gap is still too large","status":"failed","title":"blocks commercial tie-break when structural score gap is still too large","duration":1352.0394000000001,"failureMessages":["AssertionError: expected undefined to be false // Object.is equality\n    at C:\\Users\\Fedelesh_dm\\mvp\\src\\lib\\autoAdapt.marketplaceCommercialRanking.test.ts:83:73\n    at file:///C:/Users/Fedelesh_dm/mvp/node_modules/@vitest/runner/dist/chunk-hooks.js:155:11\n    at file:///C:/Users/Fedelesh_dm/mvp/node_modules/@vitest/runner/dist/chunk-hooks.js:752:26\n    at file:///C:/Users/Fedelesh_dm/mvp/node_modules/@vitest/runner/dist/chunk-hooks.js:1897:20\n    at new Promise (<anonymous>)\n    at runWithTimeout (file:///C:/Users/Fedelesh_dm/mvp/node_modules/@vitest/runner/dist/chunk-hooks.js:1863:10)\n    at runTest (file:///C:/Users/Fedelesh_dm/mvp/node_modules/@vitest/runner/dist/chunk-hooks.js:1574:12)\n    at processTicksAndRejections (node:internal/process/task_queues:103:5)\n    at runSuite (file:///C:/Users/Fedelesh_dm/mvp/node_modules/@vitest/runner/dist/chunk-hooks.js:1729:8)\n    at runSuite (file:///C:/Users/Fedelesh_dm/mvp/node_modules/@vitest/runner/dist/chunk-hooks.js:1729:8)"],"meta":{}},{"ancestorTitles":["marketplace-card commercial ranking integration"],"fullName":"marketplace-card commercial ranking integration aligns no-image dense trust cases by relaxing only formal text-first penalties","status":"passed","title":"aligns no-image dense trust cases by relaxing only formal text-first penalties","duration":1053.3751000000002,"failureMessages":[],"meta":{}},{"ancestorTitles":["marketplace-card commercial ranking integration"],"fullName":"marketplace-card commercial ranking integration lets image-backed trust text-first proof-band candidates win once late footprint lift makes them valid","status":"passed","title":"lets image-backed trust text-first proof-band candidates win once late footprint lift makes them valid","duration":968.7982000000002,"failureMessages":[],"meta":{}}],"startTime":1776410382346,"endTime":1776410387729.798,"status":"failed","message":"","name":"C:/Users/Fedelesh_dm/mvp/src/lib/autoAdapt.marketplaceCommercialRanking.test.ts"},{"assertionResults":[{"ancestorTitles":["V2 feature flag"],"fullName":"V2 feature flag is false by default","status":"passed","title":"is false by default","duration":1.8518000000000256,"failureMessages":[],"meta":{}},{"ancestorTitles":["V2 feature flag"],"fullName":"V2 feature flag setLayoutEngineV2(true) enables the flag","status":"passed","title":"setLayoutEngineV2(true) enables the flag","duration":0.3068999999999278,"failureMessages":[],"meta":{}},{"ancestorTitles":["V2 feature flag"],"fullName":"V2 feature flag setLayoutEngineV2(false) disables the flag","status":"passed","title":"setLayoutEngineV2(false) disables the flag","duration":0.18650000000002365,"failureMessages":[],"meta":{}},{"ancestorTitles":["V2 feature flag"],"fullName":"V2 feature flag flag resets to false after beforeEach","status":"passed","title":"flag resets to false after beforeEach","duration":0.17269999999996344,"failureMessages":[],"meta":{}}],"startTime":1776410383238,"endTime":1776410383240.307,"status":"passed","message":"","name":"C:/Users/Fedelesh_dm/mvp/src/lib/autoAdaptV2Flag.test.ts"},{"assertionResults":[{"ancestorTitles":["calibration dataset pipeline"],"fullName":"calibration dataset pipeline parses a valid calibration case","status":"passed","title":"parses a valid calibration case","duration":20.497700000000123,"failureMessages":[],"meta":{}},{"ancestorTitles":["calibration dataset pipeline"],"fullName":"calibration dataset pipeline reports invalid notes.json parsing clearly","status":"passed","title":"reports invalid notes.json parsing clearly","duration":8.041500000000042,"failureMessages":[],"meta":{}},{"ancestorTitles":["calibration dataset pipeline"],"fullName":"calibration dataset pipeline reports missing input assets","status":"passed","title":"reports missing input assets","duration":18.801400000000058,"failureMessages":[],"meta":{}},{"ancestorTitles":["calibration dataset pipeline"],"fullName":"calibration dataset pipeline supports strict and lenient parsing modes","status":"passed","title":"supports strict and lenient parsing modes","duration":26.76800000000003,"failureMessages":[],"meta":{}},{"ancestorTitles":["calibration dataset pipeline"],"fullName":"calibration dataset pipeline writes expected artifacts for a successful batch run","status":"passed","title":"writes expected artifacts for a successful batch run","duration":22.076900000000023,"failureMessages":[],"meta":{}},{"ancestorTitles":["calibration dataset pipeline"],"fullName":"calibration dataset pipeline preserves verdict.json during batch runs","status":"passed","title":"preserves verdict.json during batch runs","duration":35.99350000000004,"failureMessages":[],"meta":{}},{"ancestorTitles":["calibration dataset pipeline"],"fullName":"calibration dataset pipeline builds a dataset summary report across success and failure cases","status":"passed","title":"builds a dataset summary report across success and failure cases","duration":79.3092999999999,"failureMessages":[],"meta":{}},{"ancestorTitles":["calibration dataset pipeline"],"fullName":"calibration dataset pipeline filters by format, family, and case id","status":"passed","title":"filters by format, family, and case id","duration":429.7711999999999,"failureMessages":[],"meta":{}},{"ancestorTitles":["calibration dataset pipeline"],"fullName":"calibration dataset pipeline captures execution failures without crashing lenient mode","status":"passed","title":"captures execution failures without crashing lenient mode","duration":59.17229999999995,"failureMessages":[],"meta":{}}],"startTime":1776410382382,"endTime":1776410383083.1724,"status":"passed","message":"","name":"C:/Users/Fedelesh_dm/mvp/src/lib/calibrationDataset.test.ts"},{"assertionResults":[{"ancestorTitles":["calibration review outputs"],"fullName":"calibration review outputs preserves category in case and dataset review reports","status":"passed","title":"preserves category in case and dataset review reports","duration":38.02999999999997,"failureMessages":[],"meta":{}},{"ancestorTitles":["calibration review outputs"],"fullName":"calibration review outputs computes review priority and escalates negative deltas","status":"passed","title":"computes review priority and escalates negative deltas","duration":27.92360000000008,"failureMessages":[],"meta":{}},{"ancestorTitles":["calibration review outputs"],"fullName":"calibration review outputs populates verdict agreement fields when verdict.json exists","status":"passed","title":"populates verdict agreement fields when verdict.json exists","duration":18.638999999999896,"failureMessages":[],"meta":{}},{"ancestorTitles":["calibration review outputs"],"fullName":"calibration review outputs builds a sorted review queue and aggregates by category and format","status":"passed","title":"builds a sorted review queue and aggregates by category and format","duration":312.8895,"failureMessages":[],"meta":{}},{"ancestorTitles":["calibration review outputs"],"fullName":"calibration review outputs generates deterministic short summaries","status":"passed","title":"generates deterministic short summaries","duration":240.02569999999992,"failureMessages":[],"meta":{}}],"startTime":1776410382386,"endTime":1776410383024.0256,"status":"passed","message":"","name":"C:/Users/Fedelesh_dm/mvp/src/lib/calibrationReview.test.ts"},{"assertionResults":[{"ancestorTitles":["caseReviewExport"],"fullName":"caseReviewExport builds normalized rows from existing artifacts and preserves category","status":"passed","title":"builds normalized rows from existing artifacts and preserves category","duration":56.984500000000025,"failureMessages":[],"meta":{}},{"ancestorTitles":["caseReviewExport"],"fullName":"caseReviewExport writes a master residual blocker report with case-level grouping","status":"passed","title":"writes a master residual blocker report with case-level grouping","duration":43.295900000000074,"failureMessages":[],"meta":{}},{"ancestorTitles":["caseReviewExport"],"fullName":"caseReviewExport selects the best rejected candidate deterministically","status":"passed","title":"selects the best rejected candidate deterministically","duration":0.27719999999999345,"failureMessages":[],"meta":{}},{"ancestorTitles":["caseReviewExport"],"fullName":"caseReviewExport assigns primary blocker using configured priority","status":"passed","title":"assigns primary blocker using configured priority","duration":0.09579999999994016,"failureMessages":[],"meta":{}},{"ancestorTitles":["caseReviewExport"],"fullName":"caseReviewExport renders spreadsheet-friendly CSV","status":"passed","title":"renders spreadsheet-friendly CSV","duration":0.20529999999996562,"failureMessages":[],"meta":{}},{"ancestorTitles":["caseReviewExport"],"fullName":"caseReviewExport aggregates tuning summary by category and blocker","status":"passed","title":"aggregates tuning summary by category and blocker","duration":0.6434999999999036,"failureMessages":[],"meta":{}},{"ancestorTitles":["caseReviewExport"],"fullName":"caseReviewExport aggregates placement soft-policy unlocks by severity and slice","status":"passed","title":"aggregates placement soft-policy unlocks by severity and slice","duration":0.3523999999999887,"failureMessages":[],"meta":{}},{"ancestorTitles":["caseReviewExport"],"fullName":"caseReviewExport builds a deterministic landscape text-height production experiment report","status":"passed","title":"builds a deterministic landscape text-height production experiment report","duration":0.3472000000000435,"failureMessages":[],"meta":{}},{"ancestorTitles":["caseReviewExport"],"fullName":"caseReviewExport builds validated unlock classes from the landscape text-height experiment","status":"passed","title":"builds validated unlock classes from the landscape text-height experiment","duration":0.20479999999997744,"failureMessages":[],"meta":{}},{"ancestorTitles":["caseReviewExport"],"fullName":"caseReviewExport builds next unlock candidates without including already flipped cases","status":"passed","title":"builds next unlock candidates without including already flipped cases","duration":0.8591999999999871,"failureMessages":[],"meta":{}},{"ancestorTitles":["caseReviewExport"],"fullName":"caseReviewExport decomposes square role conflicts into deterministic subtypes and keeps them not-ready by default","status":"passed","title":"decomposes square role conflicts into deterministic subtypes and keeps them not-ready by default","duration":0.38369999999997617,"failureMessages":[],"meta":{}},{"ancestorTitles":["caseReviewExport"],"fullName":"caseReviewExport decomposes square cta-vs-text conflicts into narrower deterministic subtypes","status":"passed","title":"decomposes square cta-vs-text conflicts into narrower deterministic subtypes","duration":0.32990000000006603,"failureMessages":[],"meta":{}},{"ancestorTitles":["caseReviewExport"],"fullName":"caseReviewExport decomposes square cta-vs-subtitle conflicts into subtitle/materialization subtypes","status":"passed","title":"decomposes square cta-vs-subtitle conflicts into subtitle/materialization subtypes","duration":0.5206000000000586,"failureMessages":[],"meta":{}},{"ancestorTitles":["caseReviewExport"],"fullName":"caseReviewExport builds a square cta pairing structural fix report from raw vs adjusted subtitle/cta geometry","status":"passed","title":"builds a square cta pairing structural fix report from raw vs adjusted subtitle/cta geometry","duration":0.466199999999958,"failureMessages":[],"meta":{}},{"ancestorTitles":["caseReviewExport"],"fullName":"caseReviewExport builds a square cta lane variant report with subtitle mode counts and lane clearance stats","status":"passed","title":"builds a square cta lane variant report with subtitle mode counts and lane clearance stats","duration":0.31159999999999854,"failureMessages":[],"meta":{}},{"ancestorTitles":["caseReviewExport"],"fullName":"caseReviewExport builds square image structural diagnostics with subtype grouping","status":"passed","title":"builds square image structural diagnostics with subtype grouping","duration":0.5453999999999724,"failureMessages":[],"meta":{}},{"ancestorTitles":["caseReviewExport"],"fullName":"caseReviewExport aggregates dominant violating roles for hotspot review","status":"passed","title":"aggregates dominant violating roles for hotspot review","duration":0.2320999999999458,"failureMessages":[],"meta":{}},{"ancestorTitles":["caseReviewExport"],"fullName":"caseReviewExport builds square image diagnostics from blocked display-square candidates","status":"passed","title":"builds square image diagnostics from blocked display-square candidates","duration":0.296100000000024,"failureMessages":[],"meta":{}},{"ancestorTitles":["caseReviewExport"],"fullName":"caseReviewExport builds landscape badge diagnostics from blocked display-landscape candidates","status":"passed","title":"builds landscape badge diagnostics from blocked display-landscape candidates","duration":0.2865000000000464,"failureMessages":[],"meta":{}},{"ancestorTitles":["caseReviewExport"],"fullName":"caseReviewExport builds square text diagnostics from blocked display-square candidates","status":"passed","title":"builds square text diagnostics from blocked display-square candidates","duration":0.4759999999999991,"failureMessages":[],"meta":{}},{"ancestorTitles":["caseReviewExport"],"fullName":"caseReviewExport handles missing optional artifacts and writes stable sorted outputs","status":"passed","title":"handles missing optional artifacts and writes stable sorted outputs","duration":25.12220000000002,"failureMessages":[],"meta":{}},{"ancestorTitles":["caseReviewExport"],"fullName":"caseReviewExport builds landscape image diagnostics from blocked display-landscape candidates","status":"passed","title":"builds landscape image diagnostics from blocked display-landscape candidates","duration":0.3634999999999309,"failureMessages":[],"meta":{}},{"ancestorTitles":["caseReviewExport"],"fullName":"caseReviewExport builds landscape text diagnostics from blocked display-landscape candidates","status":"passed","title":"builds landscape text diagnostics from blocked display-landscape candidates","duration":0.3483999999999696,"failureMessages":[],"meta":{}},{"ancestorTitles":["caseReviewExport"],"fullName":"caseReviewExport builds landscape CTA diagnostics from blocked display-landscape candidates","status":"passed","title":"builds landscape CTA diagnostics from blocked display-landscape candidates","duration":0.2556999999999334,"failureMessages":[],"meta":{}},{"ancestorTitles":["caseReviewExport"],"fullName":"caseReviewExport builds landscape CTA anchor diagnostics from blocked display-landscape candidates","status":"passed","title":"builds landscape CTA anchor diagnostics from blocked display-landscape candidates","duration":0.2563999999999851,"failureMessages":[],"meta":{}},{"ancestorTitles":["caseReviewExport"],"fullName":"caseReviewExport builds landscape message diagnostics and structural subtypes from blocked display-landscape candidates","status":"passed","title":"builds landscape message diagnostics and structural subtypes from blocked display-landscape candidates","duration":0.426900000000046,"failureMessages":[],"meta":{}},{"ancestorTitles":["caseReviewExport"],"fullName":"caseReviewExport decomposes landscape role-placement conflict into explicit subtypes","status":"passed","title":"decomposes landscape role-placement conflict into explicit subtypes","duration":0.26729999999997744,"failureMessages":[],"meta":{}},{"ancestorTitles":["caseReviewExport"],"fullName":"caseReviewExport builds deterministic landscape near-miss experiment output","status":"passed","title":"builds deterministic landscape near-miss experiment output","duration":0.30370000000004893,"failureMessages":[],"meta":{}}],"startTime":1776410382008,"endTime":1776410382142.3037,"status":"passed","message":"","name":"C:/Users/Fedelesh_dm/mvp/src/lib/caseReviewExport.test.ts"},{"assertionResults":[{"ancestorTitles":["content profiling commercial heuristics"],"fullName":"content profiling commercial heuristics prefers product-led over urgency for new product copy with product semantics","status":"passed","title":"prefers product-led over urgency for new product copy with product semantics","duration":2.3659999999999854,"failureMessages":[],"meta":{}},{"ancestorTitles":["content profiling commercial heuristics"],"fullName":"content profiling commercial heuristics keeps feature-heavy benefit copy out of trust-led by default","status":"passed","title":"keeps feature-heavy benefit copy out of trust-led by default","duration":0.6662000000000035,"failureMessages":[],"meta":{}}],"startTime":1776410381942,"endTime":1776410381944.6663,"status":"passed","message":"","name":"C:/Users/Fedelesh_dm/mvp/src/lib/contentProfile.test.ts"},{"assertionResults":[{"ancestorTitles":["formatCompositionModels"],"fullName":"formatCompositionModels has at least 2 models for a base format","status":"passed","title":"has at least 2 models for a base format","duration":2.234200000000044,"failureMessages":[],"meta":{}},{"ancestorTitles":["formatCompositionModels"],"fullName":"formatCompositionModels selectCompositionModel respects requestedModelId when available","status":"passed","title":"selectCompositionModel respects requestedModelId when available","duration":0.7196999999999889,"failureMessages":[],"meta":{}},{"ancestorTitles":["formatCompositionModels"],"fullName":"formatCompositionModels selectCompositionModel rotates default pick with rotationOffset","status":"passed","title":"selectCompositionModel rotates default pick with rotationOffset","duration":0.5426000000000499,"failureMessages":[],"meta":{}},{"ancestorTitles":["formatCompositionModels"],"fullName":"formatCompositionModels supports a dedicated hero overlay model for social landscape","status":"passed","title":"supports a dedicated hero overlay model for social landscape","duration":0.36170000000004165,"failureMessages":[],"meta":{}},{"ancestorTitles":["formatCompositionModels"],"fullName":"formatCompositionModels keeps small display background models on a strict no-overlap baseline","status":"passed","title":"keeps small display background models on a strict no-overlap baseline","duration":1.2781999999999698,"failureMessages":[],"meta":{}},{"ancestorTitles":["formatCompositionModels"],"fullName":"formatCompositionModels uses tuned social square hero overlay thresholds","status":"passed","title":"uses tuned social square hero overlay thresholds","duration":0.5133999999999901,"failureMessages":[],"meta":{}},{"ancestorTitles":["formatCompositionModels"],"fullName":"formatCompositionModels uses tuned wide hero thresholds for billboard and presentation","status":"passed","title":"uses tuned wide hero thresholds for billboard and presentation","duration":0.4946000000000481,"failureMessages":[],"meta":{}}],"startTime":1776410382547,"endTime":1776410382553.5134,"status":"passed","message":"","name":"C:/Users/Fedelesh_dm/mvp/src/lib/formatCompositionModels.test.ts"},{"assertionResults":[{"ancestorTitles":["formatRules"],"fullName":"formatRules returns a ruleset matching format width/height","status":"passed","title":"returns a ruleset matching format width/height","duration":1.814200000000028,"failureMessages":[],"meta":{}}],"startTime":1776410382650,"endTime":1776410382651.8142,"status":"passed","message":"","name":"C:/Users/Fedelesh_dm/mvp/src/lib/formatRules.test.ts"},{"assertionResults":[{"ancestorTitles":["generation quality gates for primary formats"],"fullName":"generation quality gates for primary formats preview planning adds bounded recovery diversity for targeted recovery formats","status":"passed","title":"preview planning adds bounded recovery diversity for targeted recovery formats","duration":718.5263,"failureMessages":[],"meta":{}},{"ancestorTitles":["generation quality gates for primary formats"],"fullName":"generation quality gates for primary formats selection prefers a structurally safer fallback over the raw base candidate on tough formats","status":"passed","title":"selection prefers a structurally safer fallback over the raw base candidate on tough formats","duration":364.39650000000006,"failureMessages":[],"meta":{}},{"ancestorTitles":["generation quality gates for primary formats"],"fullName":"generation quality gates for primary formats primary social baseline selects a no-worse pre-final candidate with bounded recovery diversity","status":"passed","title":"primary social baseline selects a no-worse pre-final candidate with bounded recovery diversity","duration":217.00520000000006,"failureMessages":[],"meta":{}},{"ancestorTitles":["generation quality gates for primary formats"],"fullName":"generation quality gates for primary formats social-square baseline reduces image dominance and key structural pressure before final rescue logic","status":"passed","title":"social-square baseline reduces image dominance and key structural pressure before final rescue logic","duration":58.9704999999999,"failureMessages":[],"meta":{}},{"ancestorTitles":["generation quality gates for primary formats"],"fullName":"generation quality gates for primary formats display-large-rect baseline keeps text-image-cta packing safer before repair-aware finalization","status":"passed","title":"display-large-rect baseline keeps text-image-cta packing safer before repair-aware finalization","duration":104.61609999999973,"failureMessages":[],"meta":{}},{"ancestorTitles":["generation quality gates for primary formats"],"fullName":"generation quality gates for primary formats post-selection auto-fix does not regress the structural recovery profile on social recovery formats","status":"passed","title":"post-selection auto-fix does not regress the structural recovery profile on social recovery formats","duration":219.98689999999988,"failureMessages":[],"meta":{}},{"ancestorTitles":["generation quality gates for primary formats"],"fullName":"generation quality gates for primary formats autoAdaptFormat preserves or improves the selected recovery-oriented candidate quality on social recovery formats","status":"passed","title":"autoAdaptFormat preserves or improves the selected recovery-oriented candidate quality on social recovery formats","duration":414.6423,"failureMessages":[],"meta":{}},{"ancestorTitles":["generation quality gates for primary formats"],"fullName":"generation quality gates for primary formats social-square final output benefits from stronger baseline geometry, not only rescue ordering","status":"passed","title":"social-square final output benefits from stronger baseline geometry, not only rescue ordering","duration":147.1264000000001,"failureMessages":[],"meta":{}},{"ancestorTitles":["generation quality gates for primary formats"],"fullName":"generation quality gates for primary formats social-square image materialization keeps the final image box inside the guarded square envelope","status":"passed","title":"social-square image materialization keeps the final image box inside the guarded square envelope","duration":62.80740000000014,"failureMessages":[],"meta":{}}],"startTime":1776410382347,"endTime":1776410384658.8074,"status":"passed","message":"","name":"C:/Users/Fedelesh_dm/mvp/src/lib/generationQuality.test.ts"},{"assertionResults":[{"ancestorTitles":["image analysis"],"fullName":"image analysis builds deterministic heuristic analysis from supported raster pixels","status":"passed","title":"builds deterministic heuristic analysis from supported raster pixels","duration":2.8326000000000136,"failureMessages":[],"meta":{}},{"ancestorTitles":["image analysis"],"fullName":"image analysis returns the mocked Groq analysis when analyzer succeeds","status":"passed","title":"returns the mocked Groq analysis when analyzer succeeds","duration":0.9044999999999845,"failureMessages":[],"meta":{}},{"ancestorTitles":["image analysis"],"fullName":"image analysis falls back to deterministic heuristics when the Groq analyzer fails","status":"passed","title":"falls back to deterministic heuristics when the Groq analyzer fails","duration":3.1019999999999754,"failureMessages":[],"meta":{}},{"ancestorTitles":["image analysis"],"fullName":"image analysis returns fallback reference analysis for unsupported pdf inputs","status":"passed","title":"returns fallback reference analysis for unsupported pdf inputs","duration":0.43889999999998963,"failureMessages":[],"meta":{}},{"ancestorTitles":["image analysis"],"fullName":"image analysis derives palette and family for supported raster reference analysis","status":"passed","title":"derives palette and family for supported raster reference analysis","duration":0.8478000000000065,"failureMessages":[],"meta":{}}],"startTime":1776410382379,"endTime":1776410382386.848,"status":"passed","message":"","name":"C:/Users/Fedelesh_dm/mvp/src/lib/imageAnalysis.test.ts"},{"assertionResults":[{"ancestorTitles":["image fixes"],"fullName":"image fixes recomputeImageFootprint clamps image coverage into format rules","status":"passed","title":"recomputeImageFootprint clamps image coverage into format rules","duration":2.347699999999975,"failureMessages":[],"meta":{}}],"startTime":1776410383122,"endTime":1776410383124.3477,"status":"passed","message":"","name":"C:/Users/Fedelesh_dm/mvp/src/lib/imageFix.test.ts"},{"assertionResults":[{"ancestorTitles":["layoutEngine box geometry"],"fullName":"layoutEngine box geometry detectBoxCollisions detects forbidden overlaps","status":"passed","title":"detectBoxCollisions detects forbidden overlaps","duration":1.7841000000000236,"failureMessages":[],"meta":{}},{"ancestorTitles":["layoutEngine box geometry"],"fullName":"layoutEngine box geometry detectSpacingViolations flags too-tight gaps","status":"passed","title":"detectSpacingViolations flags too-tight gaps","duration":0.5164000000000328,"failureMessages":[],"meta":{}},{"ancestorTitles":["layoutEngine box geometry"],"fullName":"layoutEngine box geometry allows model-approved logo over image only in a top corner","status":"passed","title":"allows model-approved logo over image only in a top corner","duration":1.8174000000000206,"failureMessages":[],"meta":{}}],"startTime":1776410382790,"endTime":1776410382794.8174,"status":"passed","message":"","name":"C:/Users/Fedelesh_dm/mvp/src/lib/layoutEngine.boxes.test.ts"},{"assertionResults":[{"ancestorTitles":["layoutEngineV2"],"fullName":"layoutEngineV2 selectArchetypeForFormat('marketplace-card') → 'split-right-image'","status":"passed","title":"selectArchetypeForFormat('marketplace-card') → 'split-right-image'","duration":1.5131999999999834,"failureMessages":[],"meta":{}},{"ancestorTitles":["layoutEngineV2"],"fullName":"layoutEngineV2 selectArchetypeForFormat: marketplace-card rotationIndex cycles layout archetype pool","status":"failed","title":"selectArchetypeForFormat: marketplace-card rotationIndex cycles layout archetype pool","duration":4.898900000000026,"failureMessages":["AssertionError: expected 'split-right-image' to be 'split-left-image' // Object.is equality\n    at C:\\Users\\Fedelesh_dm\\mvp\\src\\lib\\layoutEngineV2.test.ts:50:81\n    at file:///C:/Users/Fedelesh_dm/mvp/node_modules/@vitest/runner/dist/chunk-hooks.js:155:11\n    at file:///C:/Users/Fedelesh_dm/mvp/node_modules/@vitest/runner/dist/chunk-hooks.js:752:26\n    at file:///C:/Users/Fedelesh_dm/mvp/node_modules/@vitest/runner/dist/chunk-hooks.js:1897:20\n    at new Promise (<anonymous>)\n    at runWithTimeout (file:///C:/Users/Fedelesh_dm/mvp/node_modules/@vitest/runner/dist/chunk-hooks.js:1863:10)\n    at runTest (file:///C:/Users/Fedelesh_dm/mvp/node_modules/@vitest/runner/dist/chunk-hooks.js:1574:12)\n    at processTicksAndRejections (node:internal/process/task_queues:103:5)\n    at runSuite (file:///C:/Users/Fedelesh_dm/mvp/node_modules/@vitest/runner/dist/chunk-hooks.js:1729:8)\n    at runSuite (file:///C:/Users/Fedelesh_dm/mvp/node_modules/@vitest/runner/dist/chunk-hooks.js:1729:8)"],"meta":{}},{"ancestorTitles":["layoutEngineV2"],"fullName":"layoutEngineV2 selectArchetypeForFormat('marketplace-highlight') → 'hero-overlay-bottom'","status":"passed","title":"selectArchetypeForFormat('marketplace-highlight') → 'hero-overlay-bottom'","duration":0.15089999999997872,"failureMessages":[],"meta":{}},{"ancestorTitles":["layoutEngineV2"],"fullName":"layoutEngineV2 buildSceneFromArchetypeV2 split-right-image: image.x===42, image.w===58","status":"passed","title":"buildSceneFromArchetypeV2 split-right-image: image.x===42, image.w===58","duration":0.37829999999996744,"failureMessages":[],"meta":{}},{"ancestorTitles":["layoutEngineV2"],"fullName":"layoutEngineV2 buildSceneFromArchetypeV2 split-right-image: cta.rx===26 (pill)","status":"passed","title":"buildSceneFromArchetypeV2 split-right-image: cta.rx===26 (pill)","duration":0.1634999999999991,"failureMessages":[],"meta":{}},{"ancestorTitles":["layoutEngineV2"],"fullName":"layoutEngineV2 buildSceneFromArchetypeV2: title.fontSize >= subtitle.fontSize * 2","status":"passed","title":"buildSceneFromArchetypeV2: title.fontSize >= subtitle.fontSize * 2","duration":0.18200000000001637,"failureMessages":[],"meta":{}},{"ancestorTitles":["layoutEngineV2"],"fullName":"layoutEngineV2 scoreDesignObjective: score > 0.4 for a well-placed split-right-image scene","status":"passed","title":"scoreDesignObjective: score > 0.4 for a well-placed split-right-image scene","duration":0.43669999999997344,"failureMessages":[],"meta":{}},{"ancestorTitles":["layoutEngineV2"],"fullName":"layoutEngineV2 checkV2Constraints: returns [] for a valid well-placed scene","status":"passed","title":"checkV2Constraints: returns [] for a valid well-placed scene","duration":0.4692000000000007,"failureMessages":[],"meta":{}},{"ancestorTitles":["layoutEngineV2"],"fullName":"layoutEngineV2 synthesizeLayoutV2: archetypeId==='split-right-image' for marketplace-card","status":"passed","title":"synthesizeLayoutV2: archetypeId==='split-right-image' for marketplace-card","duration":0.7348000000000638,"failureMessages":[],"meta":{}},{"ancestorTitles":["layoutEngineV2"],"fullName":"layoutEngineV2 synthesizeLayoutV2: score > 0 for marketplace-card","status":"passed","title":"synthesizeLayoutV2: score > 0 for marketplace-card","duration":0.3686999999999898,"failureMessages":[],"meta":{}},{"ancestorTitles":["layoutEngineV2"],"fullName":"layoutEngineV2 optimizeLayoutV2: final score >= initial score (never degrades)","status":"passed","title":"optimizeLayoutV2: final score >= initial score (never degrades)","duration":0.2840999999999667,"failureMessages":[],"meta":{}},{"ancestorTitles":["layoutEngineV2"],"fullName":"layoutEngineV2 optimizeLayoutV2 does not accept a candidate that increases constraint violations count","status":"passed","title":"optimizeLayoutV2 does not accept a candidate that increases constraint violations count","duration":0.39570000000003347,"failureMessages":[],"meta":{}}],"startTime":1776410382175,"endTime":1776410382185.3958,"status":"failed","message":"","name":"C:/Users/Fedelesh_dm/mvp/src/lib/layoutEngineV2.test.ts"},{"assertionResults":[{"ancestorTitles":["structuralValidity"],"fullName":"structuralValidity valid scene passes structural check","status":"passed","title":"valid scene passes structural check","duration":1.5338999999999032,"failureMessages":[],"meta":{}},{"ancestorTitles":["structuralValidity"],"fullName":"structuralValidity missing title fails structural check","status":"passed","title":"missing title fails structural check","duration":0.29920000000004165,"failureMessages":[],"meta":{}},{"ancestorTitles":["structuralValidity"],"fullName":"structuralValidity title with zero width fails structural check","status":"passed","title":"title with zero width fails structural check","duration":0.10619999999994434,"failureMessages":[],"meta":{}},{"ancestorTitles":["structuralValidity"],"fullName":"structuralValidity missing cta fails structural check","status":"passed","title":"missing cta fails structural check","duration":0.08579999999994925,"failureMessages":[],"meta":{}},{"ancestorTitles":["structuralValidity"],"fullName":"structuralValidity missing image fails structural check","status":"passed","title":"missing image fails structural check","duration":0.06939999999997326,"failureMessages":[],"meta":{}},{"ancestorTitles":["readability — overlap detection"],"fullName":"readability — overlap detection non-overlapping elements score 1.0","status":"passed","title":"non-overlapping elements score 1.0","duration":0.08019999999999072,"failureMessages":[],"meta":{}},{"ancestorTitles":["readability — overlap detection"],"fullName":"readability — overlap detection overlapping title and cta reduces readability","status":"passed","title":"overlapping title and cta reduces readability","duration":0.13170000000002346,"failureMessages":[],"meta":{}},{"ancestorTitles":["readability — overlap detection"],"fullName":"readability — overlap detection multiple overlaps clamp readability to minimum 0","status":"passed","title":"multiple overlaps clamp readability to minimum 0","duration":0.12209999999993215,"failureMessages":[],"meta":{}},{"ancestorTitles":["hierarchyClarity"],"fullName":"hierarchyClarity headline larger than subtitle scores 1.0","status":"passed","title":"headline larger than subtitle scores 1.0","duration":0.07149999999990087,"failureMessages":[],"meta":{}},{"ancestorTitles":["hierarchyClarity"],"fullName":"hierarchyClarity headline smaller than subtitle scores 0.2 (strongly inverted)","status":"passed","title":"headline smaller than subtitle scores 0.2 (strongly inverted)","duration":0.0847999999999729,"failureMessages":[],"meta":{}},{"ancestorTitles":["hierarchyClarity"],"fullName":"hierarchyClarity no subtitle defaults to 1.0","status":"passed","title":"no subtitle defaults to 1.0","duration":0.04790000000002692,"failureMessages":[],"meta":{}},{"ancestorTitles":["overallScore"],"fullName":"overallScore perfect scene scores above 0.82","status":"passed","title":"perfect scene scores above 0.82","duration":0.06110000000001037,"failureMessages":[],"meta":{}},{"ancestorTitles":["overallScore"],"fullName":"overallScore structurally invalid scene scores lower than a valid baseline","status":"passed","title":"structurally invalid scene scores lower than a valid baseline","duration":0.05370000000004893,"failureMessages":[],"meta":{}},{"ancestorTitles":["visualBalance"],"fullName":"visualBalance balanced layout scores above 0.6","status":"passed","title":"balanced layout scores above 0.6","duration":0.06850000000008549,"failureMessages":[],"meta":{}},{"ancestorTitles":["visualBalance"],"fullName":"visualBalance all elements in one quadrant scores below 0.5","status":"passed","title":"all elements in one quadrant scores below 0.5","duration":0.06799999999998363,"failureMessages":[],"meta":{}},{"ancestorTitles":["visualBalance"],"fullName":"visualBalance quadrantWeights are populated","status":"passed","title":"quadrantWeights are populated","duration":0.10220000000003893,"failureMessages":[],"meta":{}},{"ancestorTitles":["visualBalance"],"fullName":"visualBalance perfectly centered layout scores above 0.8","status":"passed","title":"perfectly centered layout scores above 0.8","duration":0.04079999999999018,"failureMessages":[],"meta":{}},{"ancestorTitles":["visualBalance"],"fullName":"visualBalance score without image is lower than with image","status":"passed","title":"score without image is lower than with image","duration":0.36029999999993834,"failureMessages":[],"meta":{}},{"ancestorTitles":["hierarchyClarity — graduated scoring"],"fullName":"hierarchyClarity — graduated scoring ratio >= 1.5 scores 1.0","status":"passed","title":"ratio >= 1.5 scores 1.0","duration":0.0644999999999527,"failureMessages":[],"meta":{}},{"ancestorTitles":["hierarchyClarity — graduated scoring"],"fullName":"hierarchyClarity — graduated scoring ratio 1.2–1.5 scores 0.85","status":"passed","title":"ratio 1.2–1.5 scores 0.85","duration":0.040599999999926695,"failureMessages":[],"meta":{}},{"ancestorTitles":["hierarchyClarity — graduated scoring"],"fullName":"hierarchyClarity — graduated scoring ratio 1.0–1.2 scores 0.65","status":"passed","title":"ratio 1.0–1.2 scores 0.65","duration":0.03290000000004056,"failureMessages":[],"meta":{}},{"ancestorTitles":["hierarchyClarity — graduated scoring"],"fullName":"hierarchyClarity — graduated scoring inverted hierarchy (ratio < 1.0) scores <= 0.4","status":"passed","title":"inverted hierarchy (ratio < 1.0) scores <= 0.4","duration":0.03449999999997999,"failureMessages":[],"meta":{}},{"ancestorTitles":["hierarchyClarity — graduated scoring"],"fullName":"hierarchyClarity — graduated scoring cta larger than headline clamps hierarchyClarity to <= 0.3","status":"passed","title":"cta larger than headline clamps hierarchyClarity to <= 0.3","duration":0.06020000000000891,"failureMessages":[],"meta":{}},{"ancestorTitles":["readability — text over image"],"fullName":"readability — text over image text overlapping image without safe area reduces readability","status":"passed","title":"text overlapping image without safe area reduces readability","duration":0.05660000000000309,"failureMessages":[],"meta":{}},{"ancestorTitles":["readability — text over image"],"fullName":"readability — text over image text overlapping image WITH safe area does not reduce readability","status":"passed","title":"text overlapping image WITH safe area does not reduce readability","duration":0.08690000000001419,"failureMessages":[],"meta":{}},{"ancestorTitles":["readability — text over image"],"fullName":"readability — text over image low contrast adds extra penalty when text overlaps image","status":"passed","title":"low contrast adds extra penalty when text overlaps image","duration":0.05309999999997217,"failureMessages":[],"meta":{}},{"ancestorTitles":["readability — text over image"],"fullName":"readability — text over image small thumbnail image does not trigger text-over-image check","status":"passed","title":"small thumbnail image does not trigger text-over-image check","duration":0.08439999999995962,"failureMessages":[],"meta":{}},{"ancestorTitles":["visualBalance — focal point awareness"],"fullName":"visualBalance — focal point awareness focalAwareBalance is true when imageAnalysis is passed","status":"passed","title":"focalAwareBalance is true when imageAnalysis is passed","duration":0.0404999999999518,"failureMessages":[],"meta":{}},{"ancestorTitles":["visualBalance — focal point awareness"],"fullName":"visualBalance — focal point awareness focalAwareBalance is false when no imageAnalysis","status":"passed","title":"focalAwareBalance is false when no imageAnalysis","duration":0.03960000000006403,"failureMessages":[],"meta":{}},{"ancestorTitles":["visualBalance — focal point awareness"],"fullName":"visualBalance — focal point awareness off-center focal point changes quadrantWeights vs centered","status":"passed","title":"off-center focal point changes quadrantWeights vs centered","duration":0.05930000000000746,"failureMessages":[],"meta":{}},{"ancestorTitles":["visualBalance — focal point awareness"],"fullName":"visualBalance — focal point awareness subjectBox shifts weight to its quadrant","status":"passed","title":"subjectBox shifts weight to its quadrant","duration":0.08150000000000546,"failureMessages":[],"meta":{}}],"startTime":1776410381942,"endTime":1776410381946.087,"status":"passed","message":"","name":"C:/Users/Fedelesh_dm/mvp/src/lib/layoutEvaluator.test.ts"},{"assertionResults":[{"ancestorTitles":["buildPreviewCandidatePlans — marketplace-card non-V2 template preview breadth cap"],"fullName":"buildPreviewCandidatePlans — marketplace-card non-V2 template preview breadth cap limits template-derived preview attempts to Math.min(budget, allMarketplaceCardV2Archetypes().length)","status":"passed","title":"limits template-derived preview attempts to Math.min(budget, allMarketplaceCardV2Archetypes().length)","duration":7.866899999999987,"failureMessages":[],"meta":{}},{"ancestorTitles":["buildPreviewCandidatePlans — marketplace-card non-V2 template preview breadth cap"],"fullName":"buildPreviewCandidatePlans — marketplace-card non-V2 template preview breadth cap uses budget when it is tighter than the archetype cap","status":"passed","title":"uses budget when it is tighter than the archetype cap","duration":1.9919999999999618,"failureMessages":[],"meta":{}},{"ancestorTitles":["buildPreviewCandidatePlans — marketplace-card V2 path"],"fullName":"buildPreviewCandidatePlans — marketplace-card V2 path does not invoke the marketplace-card template variant plan builder","status":"passed","title":"does not invoke the marketplace-card template variant plan builder","duration":0.9398000000001048,"failureMessages":[],"meta":{}},{"ancestorTitles":["buildPreviewCandidatePlans — non–marketplace-card formats"],"fullName":"buildPreviewCandidatePlans — non–marketplace-card formats does not invoke the marketplace-card template variant plan builder","status":"passed","title":"does not invoke the marketplace-card template variant plan builder","duration":24.095399999999927,"failureMessages":[],"meta":{}}],"startTime":1776410382348,"endTime":1776410382383.0955,"status":"passed","message":"","name":"C:/Users/Fedelesh_dm/mvp/src/lib/layoutPipelineCore.buildPreviewCandidatePlans.marketplaceCardBreadthCap.test.ts"},{"assertionResults":[{"ancestorTitles":["shouldRunMarketplaceCardTemplateAdjunctPipeline (marketplace-card template adjunct gate)"],"fullName":"shouldRunMarketplaceCardTemplateAdjunctPipeline (marketplace-card template adjunct gate) returns false when marketplace-card intent carries marketplaceV2Archetype","status":"passed","title":"returns false when marketplace-card intent carries marketplaceV2Archetype","duration":1.6838000000000193,"failureMessages":[],"meta":{}},{"ancestorTitles":["shouldRunMarketplaceCardTemplateAdjunctPipeline (marketplace-card template adjunct gate)"],"fullName":"shouldRunMarketplaceCardTemplateAdjunctPipeline (marketplace-card template adjunct gate) preserves prior gate behavior when marketplaceV2Archetype is absent","status":"passed","title":"preserves prior gate behavior when marketplaceV2Archetype is absent","duration":0.3653000000000475,"failureMessages":[],"meta":{}},{"ancestorTitles":["shouldRunMarketplaceCardTemplateAdjunctPipeline (marketplace-card template adjunct gate)"],"fullName":"shouldRunMarketplaceCardTemplateAdjunctPipeline (marketplace-card template adjunct gate) returns false for non-marketplace-card formats regardless of template id","status":"passed","title":"returns false for non-marketplace-card formats regardless of template id","duration":0.17709999999999582,"failureMessages":[],"meta":{}}],"startTime":1776410383301,"endTime":1776410383303.3652,"status":"passed","message":"","name":"C:/Users/Fedelesh_dm/mvp/src/lib/layoutPipelineCore.marketplaceCardTemplateAdjunctGate.test.ts"},{"assertionResults":[{"ancestorTitles":["marketplace-card semantic/runtime alignment audit"],"fullName":"marketplace-card semantic/runtime alignment audit marks matching semantic and runtime templates as aligned","status":"passed","title":"marks matching semantic and runtime templates as aligned","duration":2.743599999999958,"failureMessages":[],"meta":{}},{"ancestorTitles":["marketplace-card semantic/runtime alignment audit"],"fullName":"marketplace-card semantic/runtime alignment audit classifies safer runtime override as acceptable drift","status":"passed","title":"classifies safer runtime override as acceptable drift","duration":1.4382999999999697,"failureMessages":[],"meta":{}},{"ancestorTitles":["marketplace-card semantic/runtime alignment audit"],"fullName":"marketplace-card semantic/runtime alignment audit classifies near-tie semantic drift as acceptable boundary drift","status":"passed","title":"classifies near-tie semantic drift as acceptable boundary drift","duration":0.4893000000000143,"failureMessages":[],"meta":{}},{"ancestorTitles":["marketplace-card semantic/runtime alignment audit"],"fullName":"marketplace-card semantic/runtime alignment audit treats near-equal runtime losses as acceptable boundary drift","status":"passed","title":"treats near-equal runtime losses as acceptable boundary drift","duration":0.2866999999999962,"failureMessages":[],"meta":{}}],"startTime":1776410383086,"endTime":1776410383091.2866,"status":"passed","message":"","name":"C:/Users/Fedelesh_dm/mvp/src/lib/marketplaceCardAlignmentAudit.test.ts"},{"assertionResults":[{"ancestorTitles":["marketplaceLayoutV2"],"fullName":"marketplaceLayoutV2 is disabled without Vite env flag","status":"passed","title":"is disabled without Vite env flag","duration":1.4544999999998254,"failureMessages":[],"meta":{}},{"ancestorTitles":["marketplaceLayoutV2"],"fullName":"marketplaceLayoutV2 is enabled when VITE_MARKETPLACE_LAYOUT_V2 is true","status":"passed","title":"is enabled when VITE_MARKETPLACE_LAYOUT_V2 is true","duration":0.2155999999999949,"failureMessages":[],"meta":{}},{"ancestorTitles":["marketplaceLayoutV2"],"fullName":"marketplaceLayoutV2 synthesizeLayout uses slot path for marketplace-card when flag and intent are set","status":"passed","title":"synthesizeLayout uses slot path for marketplace-card when flag and intent are set","duration":12.545699999999897,"failureMessages":[],"meta":{}},{"ancestorTitles":["marketplaceLayoutV2"],"fullName":"marketplaceLayoutV2 does not expose marketplace-card slot marker for non-marketplace-card flows","status":"passed","title":"does not expose marketplace-card slot marker for non-marketplace-card flows","duration":18.845600000000104,"failureMessages":[],"meta":{}},{"ancestorTitles":["marketplaceLayoutV2"],"fullName":"marketplaceLayoutV2 exposes card archetypes for preview enumeration","status":"passed","title":"exposes card archetypes for preview enumeration","duration":1.109000000000151,"failureMessages":[],"meta":{}},{"ancestorTitles":["marketplaceLayoutV2"],"fullName":"marketplaceLayoutV2 selects hero-shelf for balanced copy even when profile is text-first (e.g. marketplace-benefit-stack)","status":"passed","title":"selects hero-shelf for balanced copy even when profile is text-first (e.g. marketplace-benefit-stack)","duration":0.7069000000001324,"failureMessages":[],"meta":{}},{"ancestorTitles":["marketplaceLayoutV2"],"fullName":"marketplaceLayoutV2 selects text-focus only for dense marketplace-card profiles","status":"passed","title":"selects text-focus only for dense marketplace-card profiles","duration":0.22510000000011132,"failureMessages":[],"meta":{}},{"ancestorTitles":["marketplaceLayoutV2"],"fullName":"marketplaceLayoutV2 buildMarketplaceV2Scene assigns stable tile split slots","status":"passed","title":"buildMarketplaceV2Scene assigns stable tile split slots","duration":0.7084999999999582,"failureMessages":[],"meta":{}},{"ancestorTitles":["marketplaceLayoutV2"],"fullName":"marketplaceLayoutV2 fixLayout falls through to legacy repair when V2 slot bypass does not improve score","status":"passed","title":"fixLayout falls through to legacy repair when V2 slot bypass does not improve score","duration":141.70820000000003,"failureMessages":[],"meta":{}},{"ancestorTitles":["marketplace synthesis route selection (regression)"],"fullName":"marketplace synthesis route selection (regression) selects marketplace-v2-slot when shouldSynthesizeMarketplaceLayoutV2 holds; diagnostics stay aligned with synthesizeLayout","status":"passed","title":"selects marketplace-v2-slot when shouldSynthesizeMarketplaceLayoutV2 holds; diagnostics stay aligned with synthesizeLayout","duration":5.978099999999813,"failureMessages":[],"meta":{}},{"ancestorTitles":["marketplace synthesis route selection (regression)"],"fullName":"marketplace synthesis route selection (regression) selects marketplace-card-template-driven for marketplace-card + marketplaceTemplateId when not on V2 slot; diagnostics stay aligned","status":"passed","title":"selects marketplace-card-template-driven for marketplace-card + marketplaceTemplateId when not on V2 slot; diagnostics stay aligned","duration":69.67279999999982,"failureMessages":[],"meta":{}},{"ancestorTitles":["marketplace synthesis route selection (regression)"],"fullName":"marketplace synthesis route selection (regression) selects composition-packing for non-marketplace V2 template routes; diagnostics stay aligned","status":"passed","title":"selects composition-packing for non-marketplace V2 template routes; diagnostics stay aligned","duration":19.076500000000124,"failureMessages":[],"meta":{}},{"ancestorTitles":["marketplace synthesis route selection (regression)"],"fullName":"marketplace synthesis route selection (regression) selects composition-packing for marketplace-card without template id when V2 is off; diagnostics stay aligned","status":"passed","title":"selects composition-packing for marketplace-card without template id when V2 is off; diagnostics stay aligned","duration":70.1889000000001,"failureMessages":[],"meta":{}}],"startTime":1776410382349,"endTime":1776410382692.189,"status":"passed","message":"","name":"C:/Users/Fedelesh_dm/mvp/src/lib/marketplaceLayoutV2.test.ts"},{"assertionResults":[{"ancestorTitles":["new card archetypes — slot completeness"],"fullName":"new card archetypes — slot completeness v2-card-split-image-left has valid slot dimensions","status":"passed","title":"v2-card-split-image-left has valid slot dimensions","duration":2.954999999999984,"failureMessages":[],"meta":{}},{"ancestorTitles":["new card archetypes — slot completeness"],"fullName":"new card archetypes — slot completeness v2-card-full-bleed-overlay has valid slot dimensions","status":"passed","title":"v2-card-full-bleed-overlay has valid slot dimensions","duration":1.0939000000000192,"failureMessages":[],"meta":{}},{"ancestorTitles":["new card archetypes — slot completeness"],"fullName":"new card archetypes — slot completeness v2-card-text-only has valid slot dimensions","status":"passed","title":"v2-card-text-only has valid slot dimensions","duration":1.0038000000000125,"failureMessages":[],"meta":{}},{"ancestorTitles":["new tile archetypes — slot completeness"],"fullName":"new tile archetypes — slot completeness v2-tile-image-left has valid slot dimensions","status":"passed","title":"v2-tile-image-left has valid slot dimensions","duration":0.4883000000000379,"failureMessages":[],"meta":{}},{"ancestorTitles":["v2-card-split-image-left — image is on the left"],"fullName":"v2-card-split-image-left — image is on the left image center x < 50 (left half)","status":"passed","title":"image center x < 50 (left half)","duration":0.3239000000000374,"failureMessages":[],"meta":{}},{"ancestorTitles":["v2-card-split-image-left — image is on the left"],"fullName":"v2-card-split-image-left — image is on the left headline center x > 50 (right half)","status":"passed","title":"headline center x > 50 (right half)","duration":0.19780000000002929,"failureMessages":[],"meta":{}},{"ancestorTitles":["v2-card-split-image-left — image is on the left"],"fullName":"v2-card-split-image-left — image is on the left image and headline do not overlap horizontally","status":"passed","title":"image and headline do not overlap horizontally","duration":0.10119999999994889,"failureMessages":[],"meta":{}},{"ancestorTitles":["v2-card-full-bleed-overlay — image fills canvas"],"fullName":"v2-card-full-bleed-overlay — image fills canvas image covers full width (w === 100)","status":"passed","title":"image covers full width (w === 100)","duration":0.38850000000002183,"failureMessages":[],"meta":{}},{"ancestorTitles":["v2-card-full-bleed-overlay — image fills canvas"],"fullName":"v2-card-full-bleed-overlay — image fills canvas image covers full height (h === 100)","status":"passed","title":"image covers full height (h === 100)","duration":0.14659999999997808,"failureMessages":[],"meta":{}},{"ancestorTitles":["v2-card-full-bleed-overlay — image fills canvas"],"fullName":"v2-card-full-bleed-overlay — image fills canvas image starts at origin (x=0, y=0)","status":"passed","title":"image starts at origin (x=0, y=0)","duration":0.1744000000000483,"failureMessages":[],"meta":{}},{"ancestorTitles":["v2-card-full-bleed-overlay — image fills canvas"],"fullName":"v2-card-full-bleed-overlay — image fills canvas headline is in lower half (center y > 50)","status":"passed","title":"headline is in lower half (center y > 50)","duration":0.13960000000002992,"failureMessages":[],"meta":{}},{"ancestorTitles":["v2-card-text-only — image is small thumbnail"],"fullName":"v2-card-text-only — image is small thumbnail image area < 10% of canvas (w*h < 1000)","status":"passed","title":"image area < 10% of canvas (w*h < 1000)","duration":0.0875000000000341,"failureMessages":[],"meta":{}},{"ancestorTitles":["v2-card-text-only — image is small thumbnail"],"fullName":"v2-card-text-only — image is small thumbnail headline region is wider than image region","status":"passed","title":"headline region is wider than image region","duration":0.1542999999999779,"failureMessages":[],"meta":{}},{"ancestorTitles":["v2-card-text-only — image is small thumbnail"],"fullName":"v2-card-text-only — image is small thumbnail subtitle region width > 80% of canvas","status":"passed","title":"subtitle region width > 80% of canvas","duration":0.10239999999998872,"failureMessages":[],"meta":{}},{"ancestorTitles":["v2-tile-image-left — mirrors split-balanced"],"fullName":"v2-tile-image-left — mirrors split-balanced image center x < 50 (left half)","status":"passed","title":"image center x < 50 (left half)","duration":0.13759999999996353,"failureMessages":[],"meta":{}},{"ancestorTitles":["v2-tile-image-left — mirrors split-balanced"],"fullName":"v2-tile-image-left — mirrors split-balanced headline center x > 50 (right half)","status":"passed","title":"headline center x > 50 (right half)","duration":0.13829999999995835,"failureMessages":[],"meta":{}}],"startTime":1776410382519,"endTime":1776410382528.1382,"status":"passed","message":"","name":"C:/Users/Fedelesh_dm/mvp/src/lib/marketplaceV2NewArchetypes.test.ts"},{"assertionResults":[{"ancestorTitles":["refineMarketplaceCardPerceptualComposition"],"fullName":"refineMarketplaceCardPerceptualComposition pulls a detached CTA closer to the text cluster","status":"passed","title":"pulls a detached CTA closer to the text cluster","duration":3.931100000000015,"failureMessages":[],"meta":{}},{"ancestorTitles":["refineMarketplaceCardPerceptualComposition"],"fullName":"refineMarketplaceCardPerceptualComposition tightens a weak text cluster into a more cohesive lockup","status":"passed","title":"tightens a weak text cluster into a more cohesive lockup","duration":0.7271999999999821,"failureMessages":[],"meta":{}},{"ancestorTitles":["refineMarketplaceCardPerceptualComposition"],"fullName":"refineMarketplaceCardPerceptualComposition reduces dead space in no-image message-led cards","status":"passed","title":"reduces dead space in no-image message-led cards","duration":0.6002000000000294,"failureMessages":[],"meta":{}},{"ancestorTitles":["refineMarketplaceCardPerceptualComposition"],"fullName":"refineMarketplaceCardPerceptualComposition rebalances message-first templates when image dominates too strongly","status":"passed","title":"rebalances message-first templates when image dominates too strongly","duration":0.47910000000001673,"failureMessages":[],"meta":{}}],"startTime":1776410382423,"endTime":1776410382428.479,"status":"passed","message":"","name":"C:/Users/Fedelesh_dm/mvp/src/lib/perceptualRefinement.test.ts"},{"assertionResults":[{"ancestorTitles":["computePerceptualSignals"],"fullName":"computePerceptualSignals gives low CTA integration when the CTA is detached from the message cluster","status":"passed","title":"gives low CTA integration when the CTA is detached from the message cluster","duration":2.7544000000000324,"failureMessages":[],"meta":{}},{"ancestorTitles":["computePerceptualSignals"],"fullName":"computePerceptualSignals flags dead space when one side of the layout stays mostly empty","status":"passed","title":"flags dead space when one side of the layout stays mostly empty","duration":0.6496000000000208,"failureMessages":[],"meta":{}},{"ancestorTitles":["computePerceptualSignals"],"fullName":"computePerceptualSignals detects when no single element reads as a clear primary","status":"passed","title":"detects when no single element reads as a clear primary","duration":0.4701999999999771,"failureMessages":[],"meta":{}},{"ancestorTitles":["computePerceptualSignals"],"fullName":"computePerceptualSignals rewards a tight text cluster with strong cohesion and CTA attachment","status":"passed","title":"rewards a tight text cluster with strong cohesion and CTA attachment","duration":0.337600000000009,"failureMessages":[],"meta":{}}],"startTime":1776410382800,"endTime":1776410382804.4702,"status":"passed","message":"","name":"C:/Users/Fedelesh_dm/mvp/src/lib/perceptualSignals.test.ts"},{"assertionResults":[{"ancestorTitles":["project pipeline public APIs"],"fullName":"project pipeline public APIs buildProject creates a usable project model with master scene, formats, variants, and metadata","status":"passed","title":"buildProject creates a usable project model with master scene, formats, variants, and metadata","duration":1857.6371,"failureMessages":[],"meta":{}},{"ancestorTitles":["project pipeline public APIs"],"fullName":"project pipeline public APIs createMasterScene preserves predictable role order and brand styling anchors","status":"passed","title":"createMasterScene preserves predictable role order and brand styling anchors","duration":0.6948999999999614,"failureMessages":[],"meta":{}},{"ancestorTitles":["project pipeline public APIs"],"fullName":"project pipeline public APIs autoAdaptFormat returns structurally usable scenes for primary supported formats","status":"passed","title":"autoAdaptFormat returns structurally usable scenes for primary supported formats","duration":228.16760000000022,"failureMessages":[],"meta":{}},{"ancestorTitles":["project pipeline public APIs"],"fullName":"project pipeline public APIs regenerateFormats rebuilds adapted formats from updated master content","status":"passed","title":"regenerateFormats rebuilds adapted formats from updated master content","duration":2212.7157,"failureMessages":[],"meta":{}},{"ancestorTitles":["project pipeline public APIs"],"fullName":"project pipeline public APIs supports a compact public pipeline from build to adapt, validate, repair, and serialize","status":"passed","title":"supports a compact public pipeline from build to adapt, validate, repair, and serialize","duration":1087.1192999999994,"failureMessages":[],"meta":{}}],"startTime":1776410382348,"endTime":1776410387735.1194,"status":"passed","message":"","name":"C:/Users/Fedelesh_dm/mvp/src/lib/projectPipeline.test.ts"},{"assertionResults":[{"ancestorTitles":["repairOrchestrator marketplace-card V2 bypass marker"],"fullName":"repairOrchestrator marketplace-card V2 bypass marker appends the marketplace-card V2 slot bypass marker when bypass path is returned","status":"passed","title":"appends the marketplace-card V2 slot bypass marker when bypass path is returned","duration":3.56129999999996,"failureMessages":[],"meta":{}},{"ancestorTitles":["repairOrchestrator marketplace-card V2 bypass marker"],"fullName":"repairOrchestrator marketplace-card V2 bypass marker does not duplicate the bypass marker when already present","status":"passed","title":"does not duplicate the bypass marker when already present","duration":1.1148000000000025,"failureMessages":[],"meta":{}}],"startTime":1776410382467,"endTime":1776410382472.1147,"status":"passed","message":"","name":"C:/Users/Fedelesh_dm/mvp/src/lib/repairOrchestrator.test.ts"},{"assertionResults":[{"ancestorTitles":["repairPlacement"],"fullName":"repairPlacement classifies none, moderate, and severe placement drift deterministically","status":"passed","title":"classifies none, moderate, and severe placement drift deterministically","duration":6.032700000000091,"failureMessages":[],"meta":{}},{"ancestorTitles":["repairPlacement"],"fullName":"repairPlacement simulates soft placement as a penalty without mutating real gates","status":"passed","title":"simulates soft placement as a penalty without mutating real gates","duration":1.1341999999999643,"failureMessages":[],"meta":{}},{"ancestorTitles":["repairPlacement"],"fullName":"repairPlacement keeps severe or multi-gate cases rejected in simulation","status":"passed","title":"keeps severe or multi-gate cases rejected in simulation","duration":0.413599999999974,"failureMessages":[],"meta":{}},{"ancestorTitles":["repairPlacement"],"fullName":"repairPlacement uses attachment-aware text diagnostics for square display without mutating non-display behavior","status":"passed","title":"uses attachment-aware text diagnostics for square display without mutating non-display behavior","duration":1.620999999999981,"failureMessages":[],"meta":{}},{"ancestorTitles":["repairPlacement"],"fullName":"repairPlacement captures landscape display image policy diagnostics for image-led candidates","status":"passed","title":"captures landscape display image policy diagnostics for image-led candidates","duration":1.2370999999999412,"failureMessages":[],"meta":{}},{"ancestorTitles":["repairPlacement"],"fullName":"repairPlacement captures landscape display text cluster diagnostics for split-layout candidates","status":"passed","title":"captures landscape display text cluster diagnostics for split-layout candidates","duration":0.9288999999999987,"failureMessages":[],"meta":{}}],"startTime":1776410382247,"endTime":1776410382257.929,"status":"passed","message":"","name":"C:/Users/Fedelesh_dm/mvp/src/lib/repairPlacement.test.ts"},{"assertionResults":[{"ancestorTitles":["repair search objective layer"],"fullName":"repair search objective layer compresses subtitle footprint and preserves a cleaner CTA lane for square subtitle+cta pairings","status":"passed","title":"compresses subtitle footprint and preserves a cleaner CTA lane for square subtitle+cta pairings","duration":1955.4305000000002,"failureMessages":[],"meta":{}},{"ancestorTitles":["repair search objective layer"],"fullName":"repair search objective layer retains the baseline when all candidates regress and emits telemetry","status":"passed","title":"retains the baseline when all candidates regress and emits telemetry","duration":1698.8357999999998,"failureMessages":[],"meta":{}},{"ancestorTitles":["repair search objective layer"],"fullName":"repair search objective layer rejects spacing-breaking candidates through the hard gate","status":"passed","title":"rejects spacing-breaking candidates through the hard gate","duration":989.7479999999996,"failureMessages":[],"meta":{}},{"ancestorTitles":["repair search objective layer"],"fullName":"repair search objective layer allows thresholds to be overridden in debug evaluation","status":"passed","title":"allows thresholds to be overridden in debug evaluation","duration":1002.8022999999994,"failureMessages":[],"meta":{}},{"ancestorTitles":["repair search objective layer"],"fullName":"repair search objective layer emits candidate-win telemetry when a stronger debug candidate beats baseline","status":"passed","title":"emits candidate-win telemetry when a stronger debug candidate beats baseline","duration":702.6960999999992,"failureMessages":[],"meta":{}},{"ancestorTitles":["repair search objective layer"],"fullName":"repair search objective layer uses format-aware weighting so square and landscape can prefer different winners from the same candidate pool","status":"passed","title":"uses format-aware weighting so square and landscape can prefer different winners from the same candidate pool","duration":1331.0103,"failureMessages":[],"meta":{}},{"ancestorTitles":["repair search objective layer"],"fullName":"repair search objective layer exposes calibration breakdowns, deltas, tags, thresholds, and gate reasons","status":"passed","title":"exposes calibration breakdowns, deltas, tags, thresholds, and gate reasons","duration":692.9150999999983,"failureMessages":[],"meta":{}},{"ancestorTitles":["repair search objective layer"],"fullName":"repair search objective layer promotes an eligible landscape mild near-miss candidate only when the flag is enabled","status":"passed","title":"promotes an eligible landscape mild near-miss candidate only when the flag is enabled","duration":0.7276999999994587,"failureMessages":[],"meta":{}},{"ancestorTitles":["repair search objective layer"],"fullName":"repair search objective layer blocks the landscape text-height override on confidence drop, spacing collapse, legacy safety, or non-best candidates","status":"passed","title":"blocks the landscape text-height override on confidence drop, spacing collapse, legacy safety, or non-best candidates","duration":0.4429999999993015,"failureMessages":[],"meta":{}}],"startTime":1776410382347,"endTime":1776410390722.443,"status":"passed","message":"","name":"C:/Users/Fedelesh_dm/mvp/src/lib/repairSearch.test.ts"},{"assertionResults":[{"ancestorTitles":["output contract"],"fullName":"output contract always returns a valid LayoutArchetypeId","status":"passed","title":"always returns a valid LayoutArchetypeId","duration":3.211999999999989,"failureMessages":[],"meta":{}},{"ancestorTitles":["output contract"],"fullName":"output contract confidence is within [0.1, 1.0]","status":"passed","title":"confidence is within [0.1, 1.0]","duration":1.2291999999999916,"failureMessages":[],"meta":{}},{"ancestorTitles":["output contract"],"fullName":"output contract confidenceBreakdown is always populated","status":"passed","title":"confidenceBreakdown is always populated","duration":0.3990999999999758,"failureMessages":[],"meta":{}},{"ancestorTitles":["output contract"],"fullName":"output contract reason is a non-empty string","status":"passed","title":"reason is a non-empty string","duration":0.27800000000002,"failureMessages":[],"meta":{}},{"ancestorTitles":["confidence signals"],"fullName":"confidence signals missing image analysis reduces confidence","status":"passed","title":"missing image analysis reduces confidence","duration":0.43010000000003856,"failureMessages":[],"meta":{}},{"ancestorTitles":["confidence signals"],"fullName":"confidence signals missing image sets missingImageData breakdown to 0.15","status":"passed","title":"missing image sets missingImageData breakdown to 0.15","duration":0.24680000000000746,"failureMessages":[],"meta":{}},{"ancestorTitles":["confidence signals"],"fullName":"confidence signals with image sets missingImageData breakdown to 0","status":"passed","title":"with image sets missingImageData breakdown to 0","duration":0.1634000000000242,"failureMessages":[],"meta":{}},{"ancestorTitles":["fallback field"],"fullName":"fallback field fallback is undefined or a valid LayoutArchetypeId string","status":"passed","title":"fallback is undefined or a valid LayoutArchetypeId string","duration":0.19009999999991578,"failureMessages":[],"meta":{}}],"startTime":1776410382158,"endTime":1776410382165.1902,"status":"passed","message":"","name":"C:/Users/Fedelesh_dm/mvp/src/lib/resolveArchetype.test.ts"},{"assertionResults":[{"ancestorTitles":["recordExport"],"fullName":"recordExport first export creates telemetry with exportCount 1","status":"passed","title":"first export creates telemetry with exportCount 1","duration":1844.9058999999997,"failureMessages":[],"meta":{}},{"ancestorTitles":["recordExport"],"fullName":"recordExport second export increments exportCount to 2","status":"passed","title":"second export increments exportCount to 2","duration":1323.6661,"failureMessages":[],"meta":{}},{"ancestorTitles":["recordExport"],"fullName":"recordExport archetypes record accumulates per archetypeId","status":"passed","title":"archetypes record accumulates per archetypeId","duration":985.8042999999998,"failureMessages":[],"meta":{}},{"ancestorTitles":["recordExport"],"fullName":"recordExport fallbackRate is 0 when no fallbacks applied","status":"passed","title":"fallbackRate is 0 when no fallbacks applied","duration":883.7964999999995,"failureMessages":[],"meta":{}},{"ancestorTitles":["recordExport"],"fullName":"recordExport fallbackRate > 0 when fallback was applied","status":"passed","title":"fallbackRate > 0 when fallback was applied","duration":799.5348999999997,"failureMessages":[],"meta":{}},{"ancestorTitles":["recordExport"],"fullName":"recordExport resetTelemetry clears stored data","status":"passed","title":"resetTelemetry clears stored data","duration":624.9649999999992,"failureMessages":[],"meta":{}},{"ancestorTitles":["recordExport"],"fullName":"recordExport variants without archetypeResolution are skipped","status":"passed","title":"variants without archetypeResolution are skipped","duration":607.4637999999995,"failureMessages":[],"meta":{}},{"ancestorTitles":["recordExport"],"fullName":"recordExport avgOverallScore is correct average across variants","status":"passed","title":"avgOverallScore is correct average across variants","duration":649.9997999999996,"failureMessages":[],"meta":{}}],"startTime":1776410382360,"endTime":1776410390079.9998,"status":"passed","message":"","name":"C:/Users/Fedelesh_dm/mvp/src/lib/sessionTelemetry.test.ts"},{"assertionResults":[{"ancestorTitles":["social-square CTA anchored to message cluster"],"fullName":"social-square CTA anchored to message cluster structural repair places CTA just below subtitle, not in a fixed bottom lane","status":"passed","title":"structural repair places CTA just below subtitle, not in a fixed bottom lane","duration":2.339300000000094,"failureMessages":[],"meta":{}},{"ancestorTitles":["social-square CTA anchored to message cluster"],"fullName":"social-square CTA anchored to message cluster title-only repair keeps CTA within a tight band under the title","status":"passed","title":"title-only repair keeps CTA within a tight band under the title","duration":0.5394000000000005,"failureMessages":[],"meta":{}}],"startTime":1776410383186,"endTime":1776410383188.5393,"status":"passed","message":"","name":"C:/Users/Fedelesh_dm/mvp/src/lib/squareCtaMessageCluster.test.ts"},{"assertionResults":[{"ancestorTitles":["storage contract"],"fullName":"storage contract round-trips a saved project without losing key data","status":"passed","title":"round-trips a saved project without losing key data","duration":1905.4452,"failureMessages":[],"meta":{}},{"ancestorTitles":["storage contract"],"fullName":"storage contract returns an empty list for malformed JSON in storage","status":"passed","title":"returns an empty list for malformed JSON in storage","duration":0.7220999999999549,"failureMessages":[],"meta":{}},{"ancestorTitles":["storage contract"],"fullName":"storage contract caps version history at twenty entries when saving the same project repeatedly","status":"passed","title":"caps version history at twenty entries when saving the same project repeatedly","duration":1710.9439000000002,"failureMessages":[],"meta":{}}],"startTime":1776410382359,"endTime":1776410385975.9438,"status":"passed","message":"","name":"C:/Users/Fedelesh_dm/mvp/src/lib/storage.test.ts"},{"assertionResults":[{"ancestorTitles":["marketplace-card template adapter"],"fullName":"marketplace-card template adapter gives product-support-card a stronger image-dominant split structure","status":"passed","title":"gives product-support-card a stronger image-dominant split structure","duration":2.962099999999964,"failureMessages":[],"meta":{}},{"ancestorTitles":["marketplace-card template adapter"],"fullName":"marketplace-card template adapter builds an image-dominant-square product-support variant with a larger product footprint","status":"passed","title":"builds an image-dominant-square product-support variant with a larger product footprint","duration":1.256399999999985,"failureMessages":[],"meta":{}},{"ancestorTitles":["marketplace-card template adapter"],"fullName":"marketplace-card template adapter preserves a minimum product image footprint through late synthesis stages","status":"passed","title":"preserves a minimum product image footprint through late synthesis stages","duration":46.66160000000002,"failureMessages":[],"meta":{}},{"ancestorTitles":["marketplace-card template adapter"],"fullName":"marketplace-card template adapter keeps product-support adapted zones from collapsing into text-safe image strips","status":"passed","title":"keeps product-support adapted zones from collapsing into text-safe image strips","duration":0.42269999999984975,"failureMessages":[],"meta":{}},{"ancestorTitles":["marketplace-card template adapter"],"fullName":"marketplace-card template adapter builds a proof-band text-first variant with a stronger trust strip and narrower message lockup","status":"passed","title":"builds a proof-band text-first variant with a stronger trust strip and narrower message lockup","duration":0.5067999999998847,"failureMessages":[],"meta":{}},{"ancestorTitles":["marketplace-card template adapter"],"fullName":"marketplace-card template adapter surfaces image-backed text-first late family-shaping diagnostics before final synthesis locks in","status":"passed","title":"surfaces image-backed text-first late family-shaping diagnostics before final synthesis locks in","duration":13.050700000000006,"failureMessages":[],"meta":{}},{"ancestorTitles":["marketplace-card template adapter"],"fullName":"marketplace-card template adapter keeps no-image dense trust text-first layouts from collapsing into a low text slab","status":"passed","title":"keeps no-image dense trust text-first layouts from collapsing into a low text slab","duration":15.044399999999996,"failureMessages":[],"meta":{}},{"ancestorTitles":["marketplace-card template adapter"],"fullName":"marketplace-card template adapter captures header-panel late shaping opportunities without destabilizing the calm stack","status":"passed","title":"captures header-panel late shaping opportunities without destabilizing the calm stack","duration":20.023500000000013,"failureMessages":[],"meta":{}},{"ancestorTitles":["marketplace-card template adapter"],"fullName":"marketplace-card template adapter builds a comparison-lockup product-support variant with wider comparison copy support","status":"passed","title":"builds a comparison-lockup product-support variant with wider comparison copy support","duration":0.46610000000009677,"failureMessages":[],"meta":{}}],"startTime":1776410382222,"endTime":1776410382323.466,"status":"passed","message":"","name":"C:/Users/Fedelesh_dm/mvp/src/lib/templateAdapter.test.ts"},{"assertionResults":[{"ancestorTitles":["marketplace-card template selection"],"fullName":"marketplace-card template selection keeps compact no-image offers away from text-first-promo by default","status":"passed","title":"keeps compact no-image offers away from text-first-promo by default","duration":2.497099999999932,"failureMessages":[],"meta":{}},{"ancestorTitles":["marketplace-card template selection"],"fullName":"marketplace-card template selection prefers product-support-card for image-backed product-led cases","status":"passed","title":"prefers product-support-card for image-backed product-led cases","duration":8.392300000000091,"failureMessages":[],"meta":{}},{"ancestorTitles":["marketplace-card template selection"],"fullName":"marketplace-card template selection uses proof-oriented metadata for trust-led cases","status":"passed","title":"uses proof-oriented metadata for trust-led cases","duration":1.4107999999999947,"failureMessages":[],"meta":{}},{"ancestorTitles":["marketplace-card template selection"],"fullName":"marketplace-card template selection treats catalog-led cases as product-visual-critical","status":"passed","title":"treats catalog-led cases as product-visual-critical","duration":0.28489999999999327,"failureMessages":[],"meta":{}}],"startTime":1776410382028,"endTime":1776410382040.411,"status":"passed","message":"","name":"C:/Users/Fedelesh_dm/mvp/src/lib/templateSelection.test.ts"},{"assertionResults":[{"ancestorTitles":["marketplace-card template variant generation"],"fullName":"marketplace-card template variant generation adds an image-dominant-square variant for image-backed product-support templates in product-led cases","status":"passed","title":"adds an image-dominant-square variant for image-backed product-support templates in product-led cases","duration":5.499900000000025,"failureMessages":[],"meta":{}},{"ancestorTitles":["marketplace-card template variant generation"],"fullName":"marketplace-card template variant generation keeps commerce-lockup for image-backed product-support templates outside strict product-dominant cases","status":"passed","title":"keeps commerce-lockup for image-backed product-support templates outside strict product-dominant cases","duration":2.1765000000000327,"failureMessages":[],"meta":{}},{"ancestorTitles":["marketplace-card template variant generation"],"fullName":"marketplace-card template variant generation adds a proof-band variant for trust-heavy text-first cases","status":"passed","title":"adds a proof-band variant for trust-heavy text-first cases","duration":0.6166000000000054,"failureMessages":[],"meta":{}},{"ancestorTitles":["marketplace-card template variant generation"],"fullName":"marketplace-card template variant generation adds a comparison-lockup variant for comparison-led product-support cases","status":"passed","title":"adds a comparison-lockup variant for comparison-led product-support cases","duration":0.35410000000001673,"failureMessages":[],"meta":{}}],"startTime":1776410382288,"endTime":1776410382296.354,"status":"passed","message":"","name":"C:/Users/Fedelesh_dm/mvp/src/lib/templateVariantGeneration.test.ts"},{"assertionResults":[{"ancestorTitles":["template zone ownership"],"fullName":"template zone ownership template zones reach the final scene geometry","status":"passed","title":"template zones reach the final scene geometry","duration":31.642400000000066,"failureMessages":[],"meta":{}}],"startTime":1776410382221,"endTime":1776410382252.6423,"status":"passed","message":"","name":"C:/Users/Fedelesh_dm/mvp/src/lib/templateZoneOwnership.test.ts"},{"assertionResults":[{"ancestorTitles":[],"fullName":"fitTextBoxWithinRegion: minFontSize=0 never returns fontSize=0","status":"passed","title":"fitTextBoxWithinRegion: minFontSize=0 never returns fontSize=0","duration":2.1660999999999717,"failureMessages":[],"meta":{}},{"ancestorTitles":[],"fullName":"fitTextBoxWithinRegion: negative availableHeight returns finite height without infinite loop","status":"passed","title":"fitTextBoxWithinRegion: negative availableHeight returns finite height without infinite loop","duration":0.59050000000002,"failureMessages":[],"meta":{}},{"ancestorTitles":[],"fullName":"computeTextBoxGeometry: whitespace-only text returns zero height","status":"passed","title":"computeTextBoxGeometry: whitespace-only text returns zero height","duration":0.20149999999995316,"failureMessages":[],"meta":{}},{"ancestorTitles":[],"fullName":"fitSceneTextToRule: very long single word (no spaces) returns positive fontSize","status":"passed","title":"fitSceneTextToRule: very long single word (no spaces) returns positive fontSize","duration":0.27309999999999945,"failureMessages":[],"meta":{}}],"startTime":1776410382868,"endTime":1776410382871.2732,"status":"passed","message":"","name":"C:/Users/Fedelesh_dm/mvp/src/lib/textGeometry.test.ts"},{"assertionResults":[{"ancestorTitles":["typographyEngine"],"fullName":"typographyEngine reflows headline when region width changes","status":"passed","title":"reflows headline when region width changes","duration":2.3519000000000005,"failureMessages":[],"meta":{}},{"ancestorTitles":["typographyEngine"],"fullName":"typographyEngine recomputeTextBlockTypography returns rule-bounded values","status":"passed","title":"recomputeTextBlockTypography returns rule-bounded values","duration":0.5755000000000337,"failureMessages":[],"meta":{}}],"startTime":1776410382561,"endTime":1776410382564.5754,"status":"passed","message":"","name":"C:/Users/Fedelesh_dm/mvp/src/lib/typographyEngine.test.ts"},{"assertionResults":[{"ancestorTitles":["validated landscape text-height unlock milestone"],"fullName":"validated landscape text-height unlock milestone keeps the baseline stable with the flag off","status":"passed","title":"keeps the baseline stable with the flag off","duration":9639.962899999999,"failureMessages":[],"meta":{}},{"ancestorTitles":["validated landscape text-height unlock milestone"],"fullName":"validated landscape text-height unlock milestone flips exactly the audited four cases with the flag on and no others","status":"passed","title":"flips exactly the audited four cases with the flag on and no others","duration":4531.285899999999,"failureMessages":[],"meta":{}}],"startTime":1776410382400,"endTime":1776410396571.286,"status":"passed","message":"","name":"C:/Users/Fedelesh_dm/mvp/src/lib/validatedUnlockRegression.test.ts"},{"assertionResults":[{"ancestorTitles":["validation behavior"],"fullName":"validation behavior detects an obviously broken square scene with real collisions","status":"passed","title":"detects an obviously broken square scene with real collisions","duration":13.555699999999888,"failureMessages":[],"meta":{}},{"ancestorTitles":["validation behavior"],"fullName":"validation behavior does not flag a clean square control scene with collision-like false positives","status":"passed","title":"does not flag a clean square control scene with collision-like false positives","duration":1.8462999999999283,"failureMessages":[],"meta":{}},{"ancestorTitles":["validation behavior"],"fullName":"validation behavior finds materially better repair candidates for a cramped marketplace layout","status":"passed","title":"finds materially better repair candidates for a cramped marketplace layout","duration":2555.148,"failureMessages":[],"meta":{}}],"startTime":1776410382348,"endTime":1776410384919.148,"status":"passed","message":"","name":"C:/Users/Fedelesh_dm/mvp/src/lib/validationWorkflow.test.ts"}]}